<?xml version="1.0" encoding="UTF-8"?>
<!-- Generated by org.testng.reporters.JUnitXMLReporter -->
<testsuite hostname="Prometheus" name="Default test" tests="187" failures="0" timestamp="19 Nov 2017 17:29:00 GMT" time="0.399" errors="0">
  <testcase name="testDataProvider" time="0.056" classname="happynumbers.TestHappyNumbers"/>
  <testcase name="testHappyNumberOccurence" time="0.006" classname="happynumbers.TestHappyNumbers"/>
  <testcase name="testHappyNumbers" time="0.001" classname="happynumbers.TestHappyNumbers"/>
  <testcase name="testHappyNumbers" time="0.001" classname="happynumbers.TestHappyNumbers"/>
  <testcase name="testHappyNumbers" time="0.0" classname="happynumbers.TestHappyNumbers"/>
  <testcase name="testHappyNumbers" time="0.001" classname="happynumbers.TestHappyNumbers"/>
  <testcase name="testHappyNumbers" time="0.001" classname="happynumbers.TestHappyNumbers"/>
  <testcase name="testHappyNumbers" time="0.001" classname="happynumbers.TestHappyNumbers"/>
  <testcase name="testHappyNumbers" time="0.001" classname="happynumbers.TestHappyNumbers"/>
  <testcase name="testHappyNumbers" time="0.0" classname="happynumbers.TestHappyNumbers"/>
  <testcase name="testHappyNumbers" time="0.001" classname="happynumbers.TestHappyNumbers"/>
  <testcase name="testHappyNumbers" time="0.001" classname="happynumbers.TestHappyNumbers"/>
  <testcase name="testHappyNumbers" time="0.0" classname="happynumbers.TestHappyNumbers"/>
  <testcase name="testHappyNumbers" time="0.001" classname="happynumbers.TestHappyNumbers"/>
  <testcase name="testHappyNumbers" time="0.0" classname="happynumbers.TestHappyNumbers"/>
  <testcase name="testHappyNumbers" time="0.003" classname="happynumbers.TestHappyNumbers"/>
  <testcase name="testHappyNumbers" time="0.001" classname="happynumbers.TestHappyNumbers"/>
  <testcase name="testHappyNumbers" time="0.001" classname="happynumbers.TestHappyNumbers"/>
  <testcase name="testHappyNumbers" time="0.001" classname="happynumbers.TestHappyNumbers"/>
  <testcase name="testHappyNumbers" time="0.002" classname="happynumbers.TestHappyNumbers"/>
  <testcase name="testHappyNumbers" time="0.0" classname="happynumbers.TestHappyNumbers"/>
  <testcase name="testHappyNumbers" time="0.0" classname="happynumbers.TestHappyNumbers"/>
  <testcase name="testHappyNumbers" time="0.001" classname="happynumbers.TestHappyNumbers"/>
  <testcase name="testHappyNumbers" time="0.001" classname="happynumbers.TestHappyNumbers"/>
  <testcase name="testHappyNumbers" time="0.001" classname="happynumbers.TestHappyNumbers"/>
  <testcase name="testHappyNumbers" time="0.001" classname="happynumbers.TestHappyNumbers"/>
  <testcase name="testHappyNumbers" time="0.001" classname="happynumbers.TestHappyNumbers"/>
  <testcase name="testHappyNumbers" time="0.001" classname="happynumbers.TestHappyNumbers"/>
  <testcase name="testHappyNumbers" time="0.0" classname="happynumbers.TestHappyNumbers"/>
  <testcase name="testHappyNumbers" time="0.0" classname="happynumbers.TestHappyNumbers"/>
  <testcase name="testHappyNumbers" time="0.0" classname="happynumbers.TestHappyNumbers"/>
  <testcase name="testHappyNumbers" time="0.001" classname="happynumbers.TestHappyNumbers"/>
  <testcase name="testHappyNumbers" time="0.001" classname="happynumbers.TestHappyNumbers"/>
  <testcase name="testHappyNumbers" time="0.001" classname="happynumbers.TestHappyNumbers"/>
  <testcase name="testHappyNumbers" time="0.001" classname="happynumbers.TestHappyNumbers"/>
  <testcase name="testHappyNumbers" time="0.001" classname="happynumbers.TestHappyNumbers"/>
  <testcase name="testHappyNumbers" time="0.001" classname="happynumbers.TestHappyNumbers"/>
  <testcase name="testHappyNumbers" time="0.001" classname="happynumbers.TestHappyNumbers"/>
  <testcase name="testHappyNumbers" time="0.001" classname="happynumbers.TestHappyNumbers"/>
  <testcase name="testHappyNumbers" time="0.001" classname="happynumbers.TestHappyNumbers"/>
  <testcase name="testHappyNumbers" time="0.001" classname="happynumbers.TestHappyNumbers"/>
  <testcase name="testHappyNumbers" time="0.001" classname="happynumbers.TestHappyNumbers"/>
  <testcase name="testHappyNumbers" time="0.001" classname="happynumbers.TestHappyNumbers"/>
  <testcase name="testHappyNumbers" time="0.0" classname="happynumbers.TestHappyNumbers"/>
  <testcase name="testHappyNumbers" time="0.001" classname="happynumbers.TestHappyNumbers"/>
  <testcase name="testHappyNumbers" time="0.001" classname="happynumbers.TestHappyNumbers"/>
  <testcase name="testHappyNumbers" time="0.0" classname="happynumbers.TestHappyNumbers"/>
  <testcase name="testHappyNumbers" time="0.001" classname="happynumbers.TestHappyNumbers"/>
  <testcase name="testHappyNumbers" time="0.001" classname="happynumbers.TestHappyNumbers"/>
  <testcase name="testHappyNumbers" time="0.001" classname="happynumbers.TestHappyNumbers"/>
  <testcase name="testHappyNumbers" time="0.001" classname="happynumbers.TestHappyNumbers"/>
  <testcase name="testHappyNumbers" time="0.009" classname="happynumbers.TestHappyNumbers"/>
  <testcase name="testHappyNumbers" time="0.0" classname="happynumbers.TestHappyNumbers"/>
  <testcase name="testHappyNumbers" time="0.001" classname="happynumbers.TestHappyNumbers"/>
  <testcase name="testHappyNumbers" time="0.001" classname="happynumbers.TestHappyNumbers"/>
  <testcase name="testHappyNumbers" time="0.0" classname="happynumbers.TestHappyNumbers"/>
  <testcase name="testHappyNumbers" time="0.001" classname="happynumbers.TestHappyNumbers"/>
  <testcase name="testHappyNumbers" time="0.001" classname="happynumbers.TestHappyNumbers"/>
  <testcase name="testHappyNumbers" time="0.001" classname="happynumbers.TestHappyNumbers"/>
  <testcase name="testHappyNumbers" time="0.0" classname="happynumbers.TestHappyNumbers"/>
  <testcase name="testHappyNumbers" time="0.0" classname="happynumbers.TestHappyNumbers"/>
  <testcase name="testHappyNumbers" time="0.001" classname="happynumbers.TestHappyNumbers"/>
  <testcase name="testHappyNumbers" time="0.001" classname="happynumbers.TestHappyNumbers"/>
  <testcase name="testHappyNumbers" time="0.001" classname="happynumbers.TestHappyNumbers"/>
  <testcase name="testHappyNumbers" time="0.0" classname="happynumbers.TestHappyNumbers"/>
  <testcase name="testHappyNumbers" time="0.001" classname="happynumbers.TestHappyNumbers"/>
  <testcase name="testHappyNumbers" time="0.001" classname="happynumbers.TestHappyNumbers"/>
  <testcase name="testHappyNumbers" time="0.001" classname="happynumbers.TestHappyNumbers"/>
  <testcase name="testHappyNumbers" time="0.001" classname="happynumbers.TestHappyNumbers"/>
  <testcase name="testHappyNumbers" time="0.001" classname="happynumbers.TestHappyNumbers"/>
  <testcase name="testHappyNumbers" time="0.0" classname="happynumbers.TestHappyNumbers"/>
  <testcase name="testHappyNumbers" time="0.0" classname="happynumbers.TestHappyNumbers"/>
  <testcase name="testHappyNumbers" time="0.0" classname="happynumbers.TestHappyNumbers"/>
  <testcase name="testHappyNumbers" time="0.002" classname="happynumbers.TestHappyNumbers"/>
  <testcase name="testHappyNumbers" time="0.001" classname="happynumbers.TestHappyNumbers"/>
  <testcase name="testHappyNumbers" time="0.001" classname="happynumbers.TestHappyNumbers"/>
  <testcase name="testHappyNumbers" time="0.001" classname="happynumbers.TestHappyNumbers"/>
  <testcase name="testHappyNumbers" time="0.0" classname="happynumbers.TestHappyNumbers"/>
  <testcase name="testHappyNumbers" time="0.012" classname="happynumbers.TestHappyNumbers"/>
  <testcase name="testHappyNumbers" time="0.001" classname="happynumbers.TestHappyNumbers"/>
  <testcase name="testHappyNumbers" time="0.001" classname="happynumbers.TestHappyNumbers"/>
  <testcase name="testHappyNumbers" time="0.001" classname="happynumbers.TestHappyNumbers"/>
  <testcase name="testHappyNumbers" time="0.001" classname="happynumbers.TestHappyNumbers"/>
  <testcase name="testHappyNumbers" time="0.001" classname="happynumbers.TestHappyNumbers"/>
  <testcase name="testHappyNumbers" time="0.0" classname="happynumbers.TestHappyNumbers"/>
  <testcase name="testHappyNumbers" time="0.0" classname="happynumbers.TestHappyNumbers"/>
  <testcase name="testHappyNumbers" time="0.0" classname="happynumbers.TestHappyNumbers"/>
  <testcase name="testHappyNumbers" time="0.0" classname="happynumbers.TestHappyNumbers"/>
  <testcase name="testHappyNumbers" time="0.001" classname="happynumbers.TestHappyNumbers"/>
  <testcase name="testHappyNumbers" time="0.001" classname="happynumbers.TestHappyNumbers"/>
  <testcase name="testHappyNumbers" time="0.008" classname="happynumbers.TestHappyNumbers"/>
  <testcase name="testHappyNumbers" time="0.001" classname="happynumbers.TestHappyNumbers"/>
  <testcase name="testHappyNumbers" time="0.001" classname="happynumbers.TestHappyNumbers"/>
  <testcase name="testHappyNumbers" time="0.001" classname="happynumbers.TestHappyNumbers"/>
  <testcase name="testHappyNumbers" time="0.001" classname="happynumbers.TestHappyNumbers"/>
  <testcase name="testHappyNumbers" time="0.001" classname="happynumbers.TestHappyNumbers"/>
  <testcase name="testHappyNumbers" time="0.001" classname="happynumbers.TestHappyNumbers"/>
  <testcase name="testHappyNumbers" time="0.001" classname="happynumbers.TestHappyNumbers"/>
  <testcase name="testHappyNumbers" time="0.001" classname="happynumbers.TestHappyNumbers"/>
  <testcase name="testHappyNumbers" time="0.001" classname="happynumbers.TestHappyNumbers"/>
  <testcase name="testHappyNumbers" time="0.001" classname="happynumbers.TestHappyNumbers"/>
  <testcase name="testHappyNumbers" time="0.001" classname="happynumbers.TestHappyNumbers"/>
  <testcase name="testHappyNumbers" time="0.001" classname="happynumbers.TestHappyNumbers"/>
  <testcase name="testHappyNumbers" time="0.001" classname="happynumbers.TestHappyNumbers"/>
  <testcase name="testHappyNumbers" time="0.001" classname="happynumbers.TestHappyNumbers"/>
  <testcase name="testHappyNumbers" time="0.001" classname="happynumbers.TestHappyNumbers"/>
  <testcase name="testHappyNumbers" time="0.0" classname="happynumbers.TestHappyNumbers"/>
  <testcase name="testHappyNumbers" time="0.0" classname="happynumbers.TestHappyNumbers"/>
  <testcase name="testHappyNumbers" time="0.0" classname="happynumbers.TestHappyNumbers"/>
  <testcase name="testHappyNumbers" time="0.0" classname="happynumbers.TestHappyNumbers"/>
  <testcase name="testHappyNumbers" time="0.0" classname="happynumbers.TestHappyNumbers"/>
  <testcase name="testHappyNumbers" time="0.001" classname="happynumbers.TestHappyNumbers"/>
  <testcase name="testHappyNumbers" time="0.001" classname="happynumbers.TestHappyNumbers"/>
  <testcase name="testHappyNumbers" time="0.001" classname="happynumbers.TestHappyNumbers"/>
  <testcase name="testHappyNumbers" time="0.001" classname="happynumbers.TestHappyNumbers"/>
  <testcase name="testHappyNumbers" time="0.001" classname="happynumbers.TestHappyNumbers"/>
  <testcase name="testHappyNumbers" time="0.001" classname="happynumbers.TestHappyNumbers"/>
  <testcase name="testHappyNumbers" time="0.0" classname="happynumbers.TestHappyNumbers"/>
  <testcase name="testHappyNumbers" time="0.007" classname="happynumbers.TestHappyNumbers"/>
  <testcase name="testHappyNumbers" time="0.0" classname="happynumbers.TestHappyNumbers"/>
  <testcase name="testHappyNumbers" time="0.0" classname="happynumbers.TestHappyNumbers"/>
  <testcase name="testHappyNumbers" time="0.001" classname="happynumbers.TestHappyNumbers"/>
  <testcase name="testHappyNumbers" time="0.001" classname="happynumbers.TestHappyNumbers"/>
  <testcase name="testHappyNumbers" time="0.001" classname="happynumbers.TestHappyNumbers"/>
  <testcase name="testHappyNumbers" time="0.001" classname="happynumbers.TestHappyNumbers"/>
  <testcase name="testHappyNumbers" time="0.001" classname="happynumbers.TestHappyNumbers"/>
  <testcase name="testHappyNumbers" time="0.001" classname="happynumbers.TestHappyNumbers"/>
  <testcase name="testHappyNumbers" time="0.001" classname="happynumbers.TestHappyNumbers"/>
  <testcase name="testHappyNumbers" time="0.0" classname="happynumbers.TestHappyNumbers"/>
  <testcase name="testHappyNumbers" time="0.0" classname="happynumbers.TestHappyNumbers"/>
  <testcase name="testHappyNumbers" time="0.0" classname="happynumbers.TestHappyNumbers"/>
  <testcase name="testHappyNumbers" time="0.001" classname="happynumbers.TestHappyNumbers"/>
  <testcase name="testHappyNumbers" time="0.003" classname="happynumbers.TestHappyNumbers"/>
  <testcase name="testHappyNumbers" time="0.001" classname="happynumbers.TestHappyNumbers"/>
  <testcase name="testHappyNumbers" time="0.001" classname="happynumbers.TestHappyNumbers"/>
  <testcase name="testHappyNumbers" time="0.001" classname="happynumbers.TestHappyNumbers"/>
  <testcase name="testHappyNumbers" time="0.0" classname="happynumbers.TestHappyNumbers"/>
  <testcase name="testHappyNumbers" time="0.0" classname="happynumbers.TestHappyNumbers"/>
  <testcase name="testHappyNumbers" time="0.0" classname="happynumbers.TestHappyNumbers"/>
  <testcase name="testHappyNumbers" time="0.0" classname="happynumbers.TestHappyNumbers"/>
  <testcase name="testHappyNumbers" time="0.0" classname="happynumbers.TestHappyNumbers"/>
  <testcase name="testHappyNumbers" time="0.0" classname="happynumbers.TestHappyNumbers"/>
  <testcase name="testHappyNumbers" time="0.001" classname="happynumbers.TestHappyNumbers"/>
  <testcase name="testHappyNumbers" time="0.001" classname="happynumbers.TestHappyNumbers"/>
  <testcase name="testHappyNumbers" time="0.0" classname="happynumbers.TestHappyNumbers"/>
  <testcase name="testSum" time="0.001" classname="happynumbers.TestHappyNumbers"/>
  <testcase name="testSum" time="0.001" classname="happynumbers.TestHappyNumbers"/>
  <testcase name="testSum" time="0.001" classname="happynumbers.TestHappyNumbers"/>
  <testcase name="testSum" time="0.0" classname="happynumbers.TestHappyNumbers"/>
  <testcase name="testSum" time="0.0" classname="happynumbers.TestHappyNumbers"/>
  <testcase name="testSum" time="0.0" classname="happynumbers.TestHappyNumbers"/>
  <testcase name="testSum" time="0.0" classname="happynumbers.TestHappyNumbers"/>
  <testcase name="testSum" time="0.001" classname="happynumbers.TestHappyNumbers"/>
  <testcase name="testSum" time="0.001" classname="happynumbers.TestHappyNumbers"/>
  <testcase name="testSum" time="0.001" classname="happynumbers.TestHappyNumbers"/>
  <testcase name="testSum" time="0.003" classname="happynumbers.TestHappyNumbers"/>
  <testcase name="testSum" time="0.0" classname="happynumbers.TestHappyNumbers"/>
  <testcase name="testSum" time="0.001" classname="happynumbers.TestHappyNumbers"/>
  <testcase name="testSum" time="0.001" classname="happynumbers.TestHappyNumbers"/>
  <testcase name="testSum" time="0.0" classname="happynumbers.TestHappyNumbers"/>
  <testcase name="testSum" time="0.001" classname="happynumbers.TestHappyNumbers"/>
  <testcase name="testSum" time="0.0" classname="happynumbers.TestHappyNumbers"/>
  <testcase name="testUnhappyData" time="0.002" classname="happynumbers.TestHappyNumbers"/>
  <testcase name="testUnhappyNumbers" time="0.0" classname="happynumbers.TestHappyNumbers"/>
  <testcase name="testUnhappyNumbers" time="0.0" classname="happynumbers.TestHappyNumbers"/>
  <testcase name="testUnhappyNumbers" time="0.001" classname="happynumbers.TestHappyNumbers"/>
  <testcase name="testUnhappyNumbers" time="0.001" classname="happynumbers.TestHappyNumbers"/>
  <testcase name="testUnhappyNumbers" time="0.001" classname="happynumbers.TestHappyNumbers"/>
  <testcase name="testUnhappyNumbers" time="0.0" classname="happynumbers.TestHappyNumbers"/>
  <testcase name="testUnhappyNumbers" time="0.0" classname="happynumbers.TestHappyNumbers"/>
  <testcase name="testUnhappyNumbers" time="0.001" classname="happynumbers.TestHappyNumbers"/>
  <testcase name="testUnhappyNumbers" time="0.001" classname="happynumbers.TestHappyNumbers"/>
  <testcase name="testUnhappyNumbers" time="0.001" classname="happynumbers.TestHappyNumbers"/>
  <testcase name="testUnhappyNumbers" time="0.0" classname="happynumbers.TestHappyNumbers"/>
  <testcase name="testUnhappyNumbers" time="0.0" classname="happynumbers.TestHappyNumbers"/>
  <testcase name="testUnhappyNumbers" time="0.0" classname="happynumbers.TestHappyNumbers"/>
  <testcase name="testUnhappyNumbers" time="0.001" classname="happynumbers.TestHappyNumbers"/>
  <testcase name="testUnhappyNumbers" time="0.0" classname="happynumbers.TestHappyNumbers"/>
  <testcase name="testUnhappyNumbers" time="0.001" classname="happynumbers.TestHappyNumbers"/>
  <testcase name="testUnhappyNumbers" time="0.0" classname="happynumbers.TestHappyNumbers"/>
  <testcase name="testUnhappyNumbers" time="0.0" classname="happynumbers.TestHappyNumbers"/>
  <testcase name="testUnhappyNumbers" time="0.001" classname="happynumbers.TestHappyNumbers"/>
  <testcase name="testUnhappyNumbers" time="0.0" classname="happynumbers.TestHappyNumbers"/>
  <testcase name="testUnhappyNumbers" time="0.005" classname="happynumbers.TestHappyNumbers"/>
  <testcase name="testUnhappyNumbers" time="0.0" classname="happynumbers.TestHappyNumbers"/>
  <testcase name="testUnhappyNumbers" time="0.001" classname="happynumbers.TestHappyNumbers"/>
  <testcase name="testUnhappyNumbers" time="0.0" classname="happynumbers.TestHappyNumbers"/>
</testsuite> <!-- Default test -->
