<?xml version="1.0" encoding="UTF-8"?>
<!-- Generated by org.testng.reporters.JUnitXMLReporter -->
<testsuite hostname="Prometheus" name="Command line test" tests="187" failures="0" timestamp="19 Nov 2017 17:49:27 GMT" time="0.117" errors="0">
  <testcase name="testDataProvider" time="0.053" classname="happynumbers.TestHappyNumbers"/>
  <testcase name="testHappyNumberOccurence" time="0.003" classname="happynumbers.TestHappyNumbers"/>
  <testcase name="testHappyNumbers" time="0.001" classname="happynumbers.TestHappyNumbers"/>
  <testcase name="testHappyNumbers" time="0.0" classname="happynumbers.TestHappyNumbers"/>
  <testcase name="testHappyNumbers" time="0.0" classname="happynumbers.TestHappyNumbers"/>
  <testcase name="testHappyNumbers" time="0.0" classname="happynumbers.TestHappyNumbers"/>
  <testcase name="testHappyNumbers" time="0.001" classname="happynumbers.TestHappyNumbers"/>
  <testcase name="testHappyNumbers" time="0.0" classname="happynumbers.TestHappyNumbers"/>
  <testcase name="testHappyNumbers" time="0.0" classname="happynumbers.TestHappyNumbers"/>
  <testcase name="testHappyNumbers" time="0.0" classname="happynumbers.TestHappyNumbers"/>
  <testcase name="testHappyNumbers" time="0.001" classname="happynumbers.TestHappyNumbers"/>
  <testcase name="testHappyNumbers" time="0.0" classname="happynumbers.TestHappyNumbers"/>
  <testcase name="testHappyNumbers" time="0.0" classname="happynumbers.TestHappyNumbers"/>
  <testcase name="testHappyNumbers" time="0.0" classname="happynumbers.TestHappyNumbers"/>
  <testcase name="testHappyNumbers" time="0.0" classname="happynumbers.TestHappyNumbers"/>
  <testcase name="testHappyNumbers" time="0.0" classname="happynumbers.TestHappyNumbers"/>
  <testcase name="testHappyNumbers" time="0.0" classname="happynumbers.TestHappyNumbers"/>
  <testcase name="testHappyNumbers" time="0.003" classname="happynumbers.TestHappyNumbers"/>
  <testcase name="testHappyNumbers" time="0.0" classname="happynumbers.TestHappyNumbers"/>
  <testcase name="testHappyNumbers" time="0.0" classname="happynumbers.TestHappyNumbers"/>
  <testcase name="testHappyNumbers" time="0.001" classname="happynumbers.TestHappyNumbers"/>
  <testcase name="testHappyNumbers" time="0.0" classname="happynumbers.TestHappyNumbers"/>
  <testcase name="testHappyNumbers" time="0.0" classname="happynumbers.TestHappyNumbers"/>
  <testcase name="testHappyNumbers" time="0.0" classname="happynumbers.TestHappyNumbers"/>
  <testcase name="testHappyNumbers" time="0.0" classname="happynumbers.TestHappyNumbers"/>
  <testcase name="testHappyNumbers" time="0.0" classname="happynumbers.TestHappyNumbers"/>
  <testcase name="testHappyNumbers" time="0.0" classname="happynumbers.TestHappyNumbers"/>
  <testcase name="testHappyNumbers" time="0.001" classname="happynumbers.TestHappyNumbers"/>
  <testcase name="testHappyNumbers" time="0.0" classname="happynumbers.TestHappyNumbers"/>
  <testcase name="testHappyNumbers" time="0.0" classname="happynumbers.TestHappyNumbers"/>
  <testcase name="testHappyNumbers" time="0.0" classname="happynumbers.TestHappyNumbers"/>
  <testcase name="testHappyNumbers" time="0.0" classname="happynumbers.TestHappyNumbers"/>
  <testcase name="testHappyNumbers" time="0.0" classname="happynumbers.TestHappyNumbers"/>
  <testcase name="testHappyNumbers" time="0.0" classname="happynumbers.TestHappyNumbers"/>
  <testcase name="testHappyNumbers" time="0.0" classname="happynumbers.TestHappyNumbers"/>
  <testcase name="testHappyNumbers" time="0.0" classname="happynumbers.TestHappyNumbers"/>
  <testcase name="testHappyNumbers" time="0.0" classname="happynumbers.TestHappyNumbers"/>
  <testcase name="testHappyNumbers" time="0.001" classname="happynumbers.TestHappyNumbers"/>
  <testcase name="testHappyNumbers" time="0.0" classname="happynumbers.TestHappyNumbers"/>
  <testcase name="testHappyNumbers" time="0.0" classname="happynumbers.TestHappyNumbers"/>
  <testcase name="testHappyNumbers" time="0.0" classname="happynumbers.TestHappyNumbers"/>
  <testcase name="testHappyNumbers" time="0.0" classname="happynumbers.TestHappyNumbers"/>
  <testcase name="testHappyNumbers" time="0.001" classname="happynumbers.TestHappyNumbers"/>
  <testcase name="testHappyNumbers" time="0.0" classname="happynumbers.TestHappyNumbers"/>
  <testcase name="testHappyNumbers" time="0.0" classname="happynumbers.TestHappyNumbers"/>
  <testcase name="testHappyNumbers" time="0.0" classname="happynumbers.TestHappyNumbers"/>
  <testcase name="testHappyNumbers" time="0.0" classname="happynumbers.TestHappyNumbers"/>
  <testcase name="testHappyNumbers" time="0.001" classname="happynumbers.TestHappyNumbers"/>
  <testcase name="testHappyNumbers" time="0.0" classname="happynumbers.TestHappyNumbers"/>
  <testcase name="testHappyNumbers" time="0.0" classname="happynumbers.TestHappyNumbers"/>
  <testcase name="testHappyNumbers" time="0.0" classname="happynumbers.TestHappyNumbers"/>
  <testcase name="testHappyNumbers" time="0.0" classname="happynumbers.TestHappyNumbers"/>
  <testcase name="testHappyNumbers" time="0.001" classname="happynumbers.TestHappyNumbers"/>
  <testcase name="testHappyNumbers" time="0.0" classname="happynumbers.TestHappyNumbers"/>
  <testcase name="testHappyNumbers" time="0.0" classname="happynumbers.TestHappyNumbers"/>
  <testcase name="testHappyNumbers" time="0.0" classname="happynumbers.TestHappyNumbers"/>
  <testcase name="testHappyNumbers" time="0.0" classname="happynumbers.TestHappyNumbers"/>
  <testcase name="testHappyNumbers" time="0.001" classname="happynumbers.TestHappyNumbers"/>
  <testcase name="testHappyNumbers" time="0.0" classname="happynumbers.TestHappyNumbers"/>
  <testcase name="testHappyNumbers" time="0.0" classname="happynumbers.TestHappyNumbers"/>
  <testcase name="testHappyNumbers" time="0.0" classname="happynumbers.TestHappyNumbers"/>
  <testcase name="testHappyNumbers" time="0.0" classname="happynumbers.TestHappyNumbers"/>
  <testcase name="testHappyNumbers" time="0.001" classname="happynumbers.TestHappyNumbers"/>
  <testcase name="testHappyNumbers" time="0.0" classname="happynumbers.TestHappyNumbers"/>
  <testcase name="testHappyNumbers" time="0.0" classname="happynumbers.TestHappyNumbers"/>
  <testcase name="testHappyNumbers" time="0.0" classname="happynumbers.TestHappyNumbers"/>
  <testcase name="testHappyNumbers" time="0.0" classname="happynumbers.TestHappyNumbers"/>
  <testcase name="testHappyNumbers" time="0.0" classname="happynumbers.TestHappyNumbers"/>
  <testcase name="testHappyNumbers" time="0.0" classname="happynumbers.TestHappyNumbers"/>
  <testcase name="testHappyNumbers" time="0.0" classname="happynumbers.TestHappyNumbers"/>
  <testcase name="testHappyNumbers" time="0.0" classname="happynumbers.TestHappyNumbers"/>
  <testcase name="testHappyNumbers" time="0.0" classname="happynumbers.TestHappyNumbers"/>
  <testcase name="testHappyNumbers" time="0.0" classname="happynumbers.TestHappyNumbers"/>
  <testcase name="testHappyNumbers" time="0.001" classname="happynumbers.TestHappyNumbers"/>
  <testcase name="testHappyNumbers" time="0.0" classname="happynumbers.TestHappyNumbers"/>
  <testcase name="testHappyNumbers" time="0.0" classname="happynumbers.TestHappyNumbers"/>
  <testcase name="testHappyNumbers" time="0.0" classname="happynumbers.TestHappyNumbers"/>
  <testcase name="testHappyNumbers" time="0.0" classname="happynumbers.TestHappyNumbers"/>
  <testcase name="testHappyNumbers" time="0.0" classname="happynumbers.TestHappyNumbers"/>
  <testcase name="testHappyNumbers" time="0.001" classname="happynumbers.TestHappyNumbers"/>
  <testcase name="testHappyNumbers" time="0.0" classname="happynumbers.TestHappyNumbers"/>
  <testcase name="testHappyNumbers" time="0.0" classname="happynumbers.TestHappyNumbers"/>
  <testcase name="testHappyNumbers" time="0.001" classname="happynumbers.TestHappyNumbers"/>
  <testcase name="testHappyNumbers" time="0.0" classname="happynumbers.TestHappyNumbers"/>
  <testcase name="testHappyNumbers" time="0.0" classname="happynumbers.TestHappyNumbers"/>
  <testcase name="testHappyNumbers" time="0.0" classname="happynumbers.TestHappyNumbers"/>
  <testcase name="testHappyNumbers" time="0.0" classname="happynumbers.TestHappyNumbers"/>
  <testcase name="testHappyNumbers" time="0.0" classname="happynumbers.TestHappyNumbers"/>
  <testcase name="testHappyNumbers" time="0.0" classname="happynumbers.TestHappyNumbers"/>
  <testcase name="testHappyNumbers" time="0.001" classname="happynumbers.TestHappyNumbers"/>
  <testcase name="testHappyNumbers" time="0.0" classname="happynumbers.TestHappyNumbers"/>
  <testcase name="testHappyNumbers" time="0.0" classname="happynumbers.TestHappyNumbers"/>
  <testcase name="testHappyNumbers" time="0.0" classname="happynumbers.TestHappyNumbers"/>
  <testcase name="testHappyNumbers" time="0.0" classname="happynumbers.TestHappyNumbers"/>
  <testcase name="testHappyNumbers" time="0.0" classname="happynumbers.TestHappyNumbers"/>
  <testcase name="testHappyNumbers" time="0.0" classname="happynumbers.TestHappyNumbers"/>
  <testcase name="testHappyNumbers" time="0.0" classname="happynumbers.TestHappyNumbers"/>
  <testcase name="testHappyNumbers" time="0.0" classname="happynumbers.TestHappyNumbers"/>
  <testcase name="testHappyNumbers" time="0.0" classname="happynumbers.TestHappyNumbers"/>
  <testcase name="testHappyNumbers" time="0.0" classname="happynumbers.TestHappyNumbers"/>
  <testcase name="testHappyNumbers" time="0.0" classname="happynumbers.TestHappyNumbers"/>
  <testcase name="testHappyNumbers" time="0.0" classname="happynumbers.TestHappyNumbers"/>
  <testcase name="testHappyNumbers" time="0.0" classname="happynumbers.TestHappyNumbers"/>
  <testcase name="testHappyNumbers" time="0.0" classname="happynumbers.TestHappyNumbers"/>
  <testcase name="testHappyNumbers" time="0.0" classname="happynumbers.TestHappyNumbers"/>
  <testcase name="testHappyNumbers" time="0.0" classname="happynumbers.TestHappyNumbers"/>
  <testcase name="testHappyNumbers" time="0.0" classname="happynumbers.TestHappyNumbers"/>
  <testcase name="testHappyNumbers" time="0.0" classname="happynumbers.TestHappyNumbers"/>
  <testcase name="testHappyNumbers" time="0.0" classname="happynumbers.TestHappyNumbers"/>
  <testcase name="testHappyNumbers" time="0.0" classname="happynumbers.TestHappyNumbers"/>
  <testcase name="testHappyNumbers" time="0.0" classname="happynumbers.TestHappyNumbers"/>
  <testcase name="testHappyNumbers" time="0.001" classname="happynumbers.TestHappyNumbers"/>
  <testcase name="testHappyNumbers" time="0.0" classname="happynumbers.TestHappyNumbers"/>
  <testcase name="testHappyNumbers" time="0.0" classname="happynumbers.TestHappyNumbers"/>
  <testcase name="testHappyNumbers" time="0.0" classname="happynumbers.TestHappyNumbers"/>
  <testcase name="testHappyNumbers" time="0.0" classname="happynumbers.TestHappyNumbers"/>
  <testcase name="testHappyNumbers" time="0.0" classname="happynumbers.TestHappyNumbers"/>
  <testcase name="testHappyNumbers" time="0.0" classname="happynumbers.TestHappyNumbers"/>
  <testcase name="testHappyNumbers" time="0.0" classname="happynumbers.TestHappyNumbers"/>
  <testcase name="testHappyNumbers" time="0.0" classname="happynumbers.TestHappyNumbers"/>
  <testcase name="testHappyNumbers" time="0.0" classname="happynumbers.TestHappyNumbers"/>
  <testcase name="testHappyNumbers" time="0.0" classname="happynumbers.TestHappyNumbers"/>
  <testcase name="testHappyNumbers" time="0.0" classname="happynumbers.TestHappyNumbers"/>
  <testcase name="testHappyNumbers" time="0.0" classname="happynumbers.TestHappyNumbers"/>
  <testcase name="testHappyNumbers" time="0.0" classname="happynumbers.TestHappyNumbers"/>
  <testcase name="testHappyNumbers" time="0.0" classname="happynumbers.TestHappyNumbers"/>
  <testcase name="testHappyNumbers" time="0.0" classname="happynumbers.TestHappyNumbers"/>
  <testcase name="testHappyNumbers" time="0.0" classname="happynumbers.TestHappyNumbers"/>
  <testcase name="testHappyNumbers" time="0.0" classname="happynumbers.TestHappyNumbers"/>
  <testcase name="testHappyNumbers" time="0.001" classname="happynumbers.TestHappyNumbers"/>
  <testcase name="testHappyNumbers" time="0.0" classname="happynumbers.TestHappyNumbers"/>
  <testcase name="testHappyNumbers" time="0.0" classname="happynumbers.TestHappyNumbers"/>
  <testcase name="testHappyNumbers" time="0.0" classname="happynumbers.TestHappyNumbers"/>
  <testcase name="testHappyNumbers" time="0.001" classname="happynumbers.TestHappyNumbers"/>
  <testcase name="testHappyNumbers" time="0.0" classname="happynumbers.TestHappyNumbers"/>
  <testcase name="testHappyNumbers" time="0.0" classname="happynumbers.TestHappyNumbers"/>
  <testcase name="testHappyNumbers" time="0.0" classname="happynumbers.TestHappyNumbers"/>
  <testcase name="testHappyNumbers" time="0.001" classname="happynumbers.TestHappyNumbers"/>
  <testcase name="testHappyNumbers" time="0.0" classname="happynumbers.TestHappyNumbers"/>
  <testcase name="testHappyNumbers" time="0.0" classname="happynumbers.TestHappyNumbers"/>
  <testcase name="testHappyNumbers" time="0.0" classname="happynumbers.TestHappyNumbers"/>
  <testcase name="testHappyNumbers" time="0.0" classname="happynumbers.TestHappyNumbers"/>
  <testcase name="testHappyNumbers" time="0.0" classname="happynumbers.TestHappyNumbers"/>
  <testcase name="testHappyNumbers" time="0.0" classname="happynumbers.TestHappyNumbers"/>
  <testcase name="testHappyNumbers" time="0.0" classname="happynumbers.TestHappyNumbers"/>
  <testcase name="testSum" time="0.0" classname="happynumbers.TestHappyNumbers"/>
  <testcase name="testSum" time="0.001" classname="happynumbers.TestHappyNumbers"/>
  <testcase name="testSum" time="0.0" classname="happynumbers.TestHappyNumbers"/>
  <testcase name="testSum" time="0.0" classname="happynumbers.TestHappyNumbers"/>
  <testcase name="testSum" time="0.0" classname="happynumbers.TestHappyNumbers"/>
  <testcase name="testSum" time="0.0" classname="happynumbers.TestHappyNumbers"/>
  <testcase name="testSum" time="0.001" classname="happynumbers.TestHappyNumbers"/>
  <testcase name="testSum" time="0.0" classname="happynumbers.TestHappyNumbers"/>
  <testcase name="testSum" time="0.0" classname="happynumbers.TestHappyNumbers"/>
  <testcase name="testSum" time="0.001" classname="happynumbers.TestHappyNumbers"/>
  <testcase name="testSum" time="0.0" classname="happynumbers.TestHappyNumbers"/>
  <testcase name="testSum" time="0.0" classname="happynumbers.TestHappyNumbers"/>
  <testcase name="testSum" time="0.0" classname="happynumbers.TestHappyNumbers"/>
  <testcase name="testSum" time="0.001" classname="happynumbers.TestHappyNumbers"/>
  <testcase name="testSum" time="0.0" classname="happynumbers.TestHappyNumbers"/>
  <testcase name="testSum" time="0.001" classname="happynumbers.TestHappyNumbers"/>
  <testcase name="testSum" time="0.0" classname="happynumbers.TestHappyNumbers"/>
  <testcase name="testUnhappyData" time="0.001" classname="happynumbers.TestHappyNumbers"/>
  <testcase name="testUnhappyNumbers" time="0.0" classname="happynumbers.TestHappyNumbers"/>
  <testcase name="testUnhappyNumbers" time="0.0" classname="happynumbers.TestHappyNumbers"/>
  <testcase name="testUnhappyNumbers" time="0.0" classname="happynumbers.TestHappyNumbers"/>
  <testcase name="testUnhappyNumbers" time="0.0" classname="happynumbers.TestHappyNumbers"/>
  <testcase name="testUnhappyNumbers" time="0.0" classname="happynumbers.TestHappyNumbers"/>
  <testcase name="testUnhappyNumbers" time="0.0" classname="happynumbers.TestHappyNumbers"/>
  <testcase name="testUnhappyNumbers" time="0.0" classname="happynumbers.TestHappyNumbers"/>
  <testcase name="testUnhappyNumbers" time="0.0" classname="happynumbers.TestHappyNumbers"/>
  <testcase name="testUnhappyNumbers" time="0.0" classname="happynumbers.TestHappyNumbers"/>
  <testcase name="testUnhappyNumbers" time="0.0" classname="happynumbers.TestHappyNumbers"/>
  <testcase name="testUnhappyNumbers" time="0.0" classname="happynumbers.TestHappyNumbers"/>
  <testcase name="testUnhappyNumbers" time="0.0" classname="happynumbers.TestHappyNumbers"/>
  <testcase name="testUnhappyNumbers" time="0.0" classname="happynumbers.TestHappyNumbers"/>
  <testcase name="testUnhappyNumbers" time="0.0" classname="happynumbers.TestHappyNumbers"/>
  <testcase name="testUnhappyNumbers" time="0.0" classname="happynumbers.TestHappyNumbers"/>
  <testcase name="testUnhappyNumbers" time="0.0" classname="happynumbers.TestHappyNumbers"/>
  <testcase name="testUnhappyNumbers" time="0.0" classname="happynumbers.TestHappyNumbers"/>
  <testcase name="testUnhappyNumbers" time="0.0" classname="happynumbers.TestHappyNumbers"/>
  <testcase name="testUnhappyNumbers" time="0.0" classname="happynumbers.TestHappyNumbers"/>
  <testcase name="testUnhappyNumbers" time="0.0" classname="happynumbers.TestHappyNumbers"/>
  <testcase name="testUnhappyNumbers" time="0.0" classname="happynumbers.TestHappyNumbers"/>
  <testcase name="testUnhappyNumbers" time="0.0" classname="happynumbers.TestHappyNumbers"/>
  <testcase name="testUnhappyNumbers" time="0.0" classname="happynumbers.TestHappyNumbers"/>
  <testcase name="testUnhappyNumbers" time="0.0" classname="happynumbers.TestHappyNumbers"/>
</testsuite> <!-- Command line test -->
